cc -c -I ./include -I /an1/sky/brunke/VICCN5.0.3/vic/drivers/shared/include -I /an1/sky/brunke/VICCN5.0.3/vic/vic_run/include -g -Wall -Wno-unused src/alloc_atmos.c
cc -c -I ./include -I /an1/sky/brunke/VICCN5.0.3/vic/drivers/shared/include -I /an1/sky/brunke/VICCN5.0.3/vic/vic_run/include -g -Wall -Wno-unused /an1/sky/brunke/VICCN5.0.3/vic/extensions/synveg_cn/src/alloc_cn.c
cc -c -I ./include -I /an1/sky/brunke/VICCN5.0.3/vic/drivers/shared/include -I /an1/sky/brunke/VICCN5.0.3/vic/vic_run/include -g -Wall -Wno-unused src/alloc_veg_hist.c
cc -c -I ./include -I /an1/sky/brunke/VICCN5.0.3/vic/drivers/shared/include -I /an1/sky/brunke/VICCN5.0.3/vic/vic_run/include -g -Wall -Wno-unused src/calc_air_temperature.c
cc -c -I ./include -I /an1/sky/brunke/VICCN5.0.3/vic/drivers/shared/include -I /an1/sky/brunke/VICCN5.0.3/vic/vic_run/include -g -Wall -Wno-unused src/calc_longwave.c
cc -c -I ./include -I /an1/sky/brunke/VICCN5.0.3/vic/drivers/shared/include -I /an1/sky/brunke/VICCN5.0.3/vic/vic_run/include -g -Wall -Wno-unused /an1/sky/brunke/VICCN5.0.3/vic/drivers/shared/src/calc_root_fraction.c
cc -c -I ./include -I /an1/sky/brunke/VICCN5.0.3/vic/drivers/shared/include -I /an1/sky/brunke/VICCN5.0.3/vic/vic_run/include -g -Wall -Wno-unused src/check_files.c
cc -c -I ./include -I /an1/sky/brunke/VICCN5.0.3/vic/drivers/shared/include -I /an1/sky/brunke/VICCN5.0.3/vic/vic_run/include -g -Wall -Wno-unused src/check_state_file.c
cc -c -I ./include -I /an1/sky/brunke/VICCN5.0.3/vic/drivers/shared/include -I /an1/sky/brunke/VICCN5.0.3/vic/vic_run/include -g -Wall -Wno-unused src/close_files.c
cc -c -I ./include -I /an1/sky/brunke/VICCN5.0.3/vic/drivers/shared/include -I /an1/sky/brunke/VICCN5.0.3/vic/vic_run/include -g -Wall -Wno-unused /an1/sky/brunke/VICCN5.0.3/vic/drivers/shared/src/cmd_proc.c
cc -c -I ./include -I /an1/sky/brunke/VICCN5.0.3/vic/drivers/shared/include -I /an1/sky/brunke/VICCN5.0.3/vic/vic_run/include -g -Wall -Wno-unused /an1/sky/brunke/VICCN5.0.3/vic/drivers/shared/src/compress_files.c
cc -c -I ./include -I /an1/sky/brunke/VICCN5.0.3/vic/drivers/shared/include -I /an1/sky/brunke/VICCN5.0.3/vic/vic_run/include -g -Wall -Wno-unused /an1/sky/brunke/VICCN5.0.3/vic/drivers/shared/src/compute_treeline.c
cc -c -I ./include -I /an1/sky/brunke/VICCN5.0.3/vic/drivers/shared/include -I /an1/sky/brunke/VICCN5.0.3/vic/vic_run/include -g -Wall -Wno-unused src/display_current_settings.c
cc -c -I ./include -I /an1/sky/brunke/VICCN5.0.3/vic/drivers/shared/include -I /an1/sky/brunke/VICCN5.0.3/vic/vic_run/include -g -Wall -Wno-unused /an1/sky/brunke/VICCN5.0.3/vic/drivers/shared/src/free_all_vars.c
cc -c -I ./include -I /an1/sky/brunke/VICCN5.0.3/vic/drivers/shared/include -I /an1/sky/brunke/VICCN5.0.3/vic/vic_run/include -g -Wall -Wno-unused /an1/sky/brunke/VICCN5.0.3/vic/drivers/shared/src/free_vegcon.c
cc -c -I ./include -I /an1/sky/brunke/VICCN5.0.3/vic/drivers/shared/include -I /an1/sky/brunke/VICCN5.0.3/vic/vic_run/include -g -Wall -Wno-unused /an1/sky/brunke/VICCN5.0.3/vic/drivers/shared/src/get_dist.c
cc -c -I ./include -I /an1/sky/brunke/VICCN5.0.3/vic/drivers/shared/include -I /an1/sky/brunke/VICCN5.0.3/vic/vic_run/include -g -Wall -Wno-unused src/get_force_type.c
cc -c -I ./include -I /an1/sky/brunke/VICCN5.0.3/vic/drivers/shared/include -I /an1/sky/brunke/VICCN5.0.3/vic/vic_run/include -g -Wall -Wno-unused /an1/sky/brunke/VICCN5.0.3/vic/drivers/shared/src/get_parameters.c
cc -c -I ./include -I /an1/sky/brunke/VICCN5.0.3/vic/drivers/shared/include -I /an1/sky/brunke/VICCN5.0.3/vic/vic_run/include -g -Wall -Wno-unused src/get_global_param.c
cc -c -I ./include -I /an1/sky/brunke/VICCN5.0.3/vic/drivers/shared/include -I /an1/sky/brunke/VICCN5.0.3/vic/vic_run/include -g -Wall -Wno-unused src/initialize_atmos.c
cc -c -I ./include -I /an1/sky/brunke/VICCN5.0.3/vic/drivers/shared/include -I /an1/sky/brunke/VICCN5.0.3/vic/vic_run/include -g -Wall -Wno-unused /an1/sky/brunke/VICCN5.0.3/vic/drivers/shared/src/initialize_files.c
cc -c -I ./include -I /an1/sky/brunke/VICCN5.0.3/vic/drivers/shared/include -I /an1/sky/brunke/VICCN5.0.3/vic/vic_run/include -g -Wall -Wno-unused src/initialize_forcing_files.c
cc -c -I ./include -I /an1/sky/brunke/VICCN5.0.3/vic/drivers/shared/include -I /an1/sky/brunke/VICCN5.0.3/vic/vic_run/include -g -Wall -Wno-unused /an1/sky/brunke/VICCN5.0.3/vic/drivers/shared/src/initialize_global.c
cc -c -I ./include -I /an1/sky/brunke/VICCN5.0.3/vic/drivers/shared/include -I /an1/sky/brunke/VICCN5.0.3/vic/vic_run/include -g -Wall -Wno-unused src/initialize_model_state.c
cc -c -I ./include -I /an1/sky/brunke/VICCN5.0.3/vic/drivers/shared/include -I /an1/sky/brunke/VICCN5.0.3/vic/vic_run/include -g -Wall -Wno-unused /an1/sky/brunke/VICCN5.0.3/vic/drivers/shared/src/initialize_options.c
cc -c -I ./include -I /an1/sky/brunke/VICCN5.0.3/vic/drivers/shared/include -I /an1/sky/brunke/VICCN5.0.3/vic/vic_run/include -g -Wall -Wno-unused /an1/sky/brunke/VICCN5.0.3/vic/drivers/shared/src/initialize_parameters.c
cc -c -I ./include -I /an1/sky/brunke/VICCN5.0.3/vic/drivers/shared/include -I /an1/sky/brunke/VICCN5.0.3/vic/vic_run/include -g -Wall -Wno-unused /an1/sky/brunke/VICCN5.0.3/vic/drivers/shared/src/initialize_snow.c
cc -c -I ./include -I /an1/sky/brunke/VICCN5.0.3/vic/drivers/shared/include -I /an1/sky/brunke/VICCN5.0.3/vic/vic_run/include -g -Wall -Wno-unused /an1/sky/brunke/VICCN5.0.3/vic/drivers/shared/src/initialize_soil.c
cc -c -I ./include -I /an1/sky/brunke/VICCN5.0.3/vic/drivers/shared/include -I /an1/sky/brunke/VICCN5.0.3/vic/vic_run/include -g -Wall -Wno-unused /an1/sky/brunke/VICCN5.0.3/vic/drivers/shared/src/initialize_veg.c
cc -c -I ./include -I /an1/sky/brunke/VICCN5.0.3/vic/drivers/shared/include -I /an1/sky/brunke/VICCN5.0.3/vic/vic_run/include -g -Wall -Wno-unused /an1/sky/brunke/VICCN5.0.3/vic/drivers/shared/src/make_all_vars.c
cc -c -I ./include -I /an1/sky/brunke/VICCN5.0.3/vic/drivers/shared/include -I /an1/sky/brunke/VICCN5.0.3/vic/vic_run/include -g -Wall -Wno-unused /an1/sky/brunke/VICCN5.0.3/vic/drivers/shared/src/make_cell_data.c
cc -c -I ./include -I /an1/sky/brunke/VICCN5.0.3/vic/drivers/shared/include -I /an1/sky/brunke/VICCN5.0.3/vic/vic_run/include -g -Wall -Wno-unused /an1/sky/brunke/VICCN5.0.3/vic/drivers/shared/src/make_dmy.c
cc -c -I ./include -I /an1/sky/brunke/VICCN5.0.3/vic/drivers/shared/include -I /an1/sky/brunke/VICCN5.0.3/vic/vic_run/include -g -Wall -Wno-unused /an1/sky/brunke/VICCN5.0.3/vic/drivers/shared/src/make_energy_bal.c
cc -c -I ./include -I /an1/sky/brunke/VICCN5.0.3/vic/drivers/shared/include -I /an1/sky/brunke/VICCN5.0.3/vic/vic_run/include -g -Wall -Wno-unused src/make_in_and_outfiles.c
cc -c -I ./include -I /an1/sky/brunke/VICCN5.0.3/vic/drivers/shared/include -I /an1/sky/brunke/VICCN5.0.3/vic/vic_run/include -g -Wall -Wno-unused /an1/sky/brunke/VICCN5.0.3/vic/drivers/shared/src/make_snow_data.c
cc -c -I ./include -I /an1/sky/brunke/VICCN5.0.3/vic/drivers/shared/include -I /an1/sky/brunke/VICCN5.0.3/vic/vic_run/include -g -Wall -Wno-unused /an1/sky/brunke/VICCN5.0.3/vic/drivers/shared/src/make_veg_var.c
cc -c -I ./include -I /an1/sky/brunke/VICCN5.0.3/vic/drivers/shared/include -I /an1/sky/brunke/VICCN5.0.3/vic/vic_run/include -g -Wall -Wno-unused src/mtclim_vic.c
cc -c -I ./include -I /an1/sky/brunke/VICCN5.0.3/vic/drivers/shared/include -I /an1/sky/brunke/VICCN5.0.3/vic/vic_run/include -g -Wall -Wno-unused src/mtclim_wrapper.c
cc -c -I ./include -I /an1/sky/brunke/VICCN5.0.3/vic/drivers/shared/include -I /an1/sky/brunke/VICCN5.0.3/vic/vic_run/include -g -Wall -Wno-unused /an1/sky/brunke/VICCN5.0.3/vic/drivers/shared/src/open_file.c
cc -c -I ./include -I /an1/sky/brunke/VICCN5.0.3/vic/drivers/shared/include -I /an1/sky/brunke/VICCN5.0.3/vic/vic_run/include -g -Wall -Wno-unused src/open_state_file.c
cc -c -I ./include -I /an1/sky/brunke/VICCN5.0.3/vic/drivers/shared/include -I /an1/sky/brunke/VICCN5.0.3/vic/vic_run/include -g -Wall -Wno-unused src/output_list_utils.c
cc -c -I ./include -I /an1/sky/brunke/VICCN5.0.3/vic/drivers/shared/include -I /an1/sky/brunke/VICCN5.0.3/vic/vic_run/include -g -Wall -Wno-unused src/parse_output_info.c
cc -c -I ./include -I /an1/sky/brunke/VICCN5.0.3/vic/drivers/shared/include -I /an1/sky/brunke/VICCN5.0.3/vic/vic_run/include -g -Wall -Wno-unused src/print_library_classic.c
cc -c -I ./include -I /an1/sky/brunke/VICCN5.0.3/vic/drivers/shared/include -I /an1/sky/brunke/VICCN5.0.3/vic/vic_run/include -g -Wall -Wno-unused /an1/sky/brunke/VICCN5.0.3/vic/drivers/shared/src/print_library_shared.c
cc -c -I ./include -I /an1/sky/brunke/VICCN5.0.3/vic/drivers/shared/include -I /an1/sky/brunke/VICCN5.0.3/vic/vic_run/include -g -Wall -Wno-unused src/read_atmos_data.c
cc -c -I ./include -I /an1/sky/brunke/VICCN5.0.3/vic/drivers/shared/include -I /an1/sky/brunke/VICCN5.0.3/vic/vic_run/include -g -Wall -Wno-unused src/read_forcing_data.c
cc -c -I ./include -I /an1/sky/brunke/VICCN5.0.3/vic/drivers/shared/include -I /an1/sky/brunke/VICCN5.0.3/vic/vic_run/include -g -Wall -Wno-unused src/read_initial_model_state.c
cc -c -I ./include -I /an1/sky/brunke/VICCN5.0.3/vic/drivers/shared/include -I /an1/sky/brunke/VICCN5.0.3/vic/vic_run/include -g -Wall -Wno-unused src/read_lakeparam.c
cc -c -I ./include -I /an1/sky/brunke/VICCN5.0.3/vic/drivers/shared/include -I /an1/sky/brunke/VICCN5.0.3/vic/vic_run/include -g -Wall -Wno-unused src/read_snowband.c
cc -c -I ./include -I /an1/sky/brunke/VICCN5.0.3/vic/drivers/shared/include -I /an1/sky/brunke/VICCN5.0.3/vic/vic_run/include -g -Wall -Wno-unused src/read_soilparam.c
cc -c -I ./include -I /an1/sky/brunke/VICCN5.0.3/vic/drivers/shared/include -I /an1/sky/brunke/VICCN5.0.3/vic/vic_run/include -g -Wall -Wno-unused src/read_veglib.c
cc -c -I ./include -I /an1/sky/brunke/VICCN5.0.3/vic/drivers/shared/include -I /an1/sky/brunke/VICCN5.0.3/vic/vic_run/include -g -Wall -Wno-unused src/read_vegparam.c
cc -c -I ./include -I /an1/sky/brunke/VICCN5.0.3/vic/drivers/shared/include -I /an1/sky/brunke/VICCN5.0.3/vic/vic_run/include -g -Wall -Wno-unused src/set_output_defaults.c
cc -c -I ./include -I /an1/sky/brunke/VICCN5.0.3/vic/drivers/shared/include -I /an1/sky/brunke/VICCN5.0.3/vic/vic_run/include -g -Wall -Wno-unused src/vic_classic.c
cc -c -I ./include -I /an1/sky/brunke/VICCN5.0.3/vic/drivers/shared/include -I /an1/sky/brunke/VICCN5.0.3/vic/vic_run/include -g -Wall -Wno-unused src/write_data.c
cc -c -I ./include -I /an1/sky/brunke/VICCN5.0.3/vic/drivers/shared/include -I /an1/sky/brunke/VICCN5.0.3/vic/vic_run/include -g -Wall -Wno-unused src/write_forcing_file.c
cc -c -I ./include -I /an1/sky/brunke/VICCN5.0.3/vic/drivers/shared/include -I /an1/sky/brunke/VICCN5.0.3/vic/vic_run/include -g -Wall -Wno-unused src/write_header.c
cc -c -I ./include -I /an1/sky/brunke/VICCN5.0.3/vic/drivers/shared/include -I /an1/sky/brunke/VICCN5.0.3/vic/vic_run/include -g -Wall -Wno-unused src/write_model_state.c
cc -c -I ./include -I /an1/sky/brunke/VICCN5.0.3/vic/drivers/shared/include -I /an1/sky/brunke/VICCN5.0.3/vic/vic_run/include -g -Wall -Wno-unused src/write_output.c
cc -c -I ./include -I /an1/sky/brunke/VICCN5.0.3/vic/drivers/shared/include -I /an1/sky/brunke/VICCN5.0.3/vic/vic_run/include -g -Wall -Wno-unused /an1/sky/brunke/VICCN5.0.3/vic/vic_run/src/advected_sensible_heat.c
cc -c -I ./include -I /an1/sky/brunke/VICCN5.0.3/vic/drivers/shared/include -I /an1/sky/brunke/VICCN5.0.3/vic/vic_run/include -g -Wall -Wno-unused /an1/sky/brunke/VICCN5.0.3/vic/vic_run/src/arno_evap.c
cc -c -I ./include -I /an1/sky/brunke/VICCN5.0.3/vic/drivers/shared/include -I /an1/sky/brunke/VICCN5.0.3/vic/vic_run/include -g -Wall -Wno-unused /an1/sky/brunke/VICCN5.0.3/vic/vic_run/src/CalcAerodynamic.c
cc -c -I ./include -I /an1/sky/brunke/VICCN5.0.3/vic/drivers/shared/include -I /an1/sky/brunke/VICCN5.0.3/vic/vic_run/include -g -Wall -Wno-unused /an1/sky/brunke/VICCN5.0.3/vic/vic_run/src/calc_atmos_energy_bal.c
cc -c -I ./include -I /an1/sky/brunke/VICCN5.0.3/vic/drivers/shared/include -I /an1/sky/brunke/VICCN5.0.3/vic/vic_run/include -g -Wall -Wno-unused /an1/sky/brunke/VICCN5.0.3/vic/vic_run/src/CalcBlowingSnow.c
cc -c -I ./include -I /an1/sky/brunke/VICCN5.0.3/vic/drivers/shared/include -I /an1/sky/brunke/VICCN5.0.3/vic/vic_run/include -g -Wall -Wno-unused /an1/sky/brunke/VICCN5.0.3/vic/vic_run/src/calc_Nscale_factors.c
cc -c -I ./include -I /an1/sky/brunke/VICCN5.0.3/vic/drivers/shared/include -I /an1/sky/brunke/VICCN5.0.3/vic/vic_run/include -g -Wall -Wno-unused /an1/sky/brunke/VICCN5.0.3/vic/vic_run/src/calc_rainonly.c
cc -c -I ./include -I /an1/sky/brunke/VICCN5.0.3/vic/drivers/shared/include -I /an1/sky/brunke/VICCN5.0.3/vic/vic_run/include -g -Wall -Wno-unused /an1/sky/brunke/VICCN5.0.3/vic/vic_run/src/calc_snow_coverage.c
cc -c -I ./include -I /an1/sky/brunke/VICCN5.0.3/vic/drivers/shared/include -I /an1/sky/brunke/VICCN5.0.3/vic/vic_run/include -g -Wall -Wno-unused /an1/sky/brunke/VICCN5.0.3/vic/vic_run/src/calc_surf_energy_bal.c
cc -c -I ./include -I /an1/sky/brunke/VICCN5.0.3/vic/drivers/shared/include -I /an1/sky/brunke/VICCN5.0.3/vic/vic_run/include -g -Wall -Wno-unused /an1/sky/brunke/VICCN5.0.3/vic/vic_run/src/calc_veg_params.c
cc -c -I ./include -I /an1/sky/brunke/VICCN5.0.3/vic/drivers/shared/include -I /an1/sky/brunke/VICCN5.0.3/vic/vic_run/include -g -Wall -Wno-unused /an1/sky/brunke/VICCN5.0.3/vic/vic_run/src/calc_water_energy_balance_errors.c
cc -c -I ./include -I /an1/sky/brunke/VICCN5.0.3/vic/drivers/shared/include -I /an1/sky/brunke/VICCN5.0.3/vic/vic_run/include -g -Wall -Wno-unused /an1/sky/brunke/VICCN5.0.3/vic/vic_run/src/canopy_assimilation.c
cc -c -I ./include -I /an1/sky/brunke/VICCN5.0.3/vic/drivers/shared/include -I /an1/sky/brunke/VICCN5.0.3/vic/vic_run/include -g -Wall -Wno-unused /an1/sky/brunke/VICCN5.0.3/vic/vic_run/src/canopy_evap.c
cc -c -I ./include -I /an1/sky/brunke/VICCN5.0.3/vic/drivers/shared/include -I /an1/sky/brunke/VICCN5.0.3/vic/vic_run/include -g -Wall -Wno-unused /an1/sky/brunke/VICCN5.0.3/vic/vic_run/src/compute_coszen.c
cc -c -I ./include -I /an1/sky/brunke/VICCN5.0.3/vic/drivers/shared/include -I /an1/sky/brunke/VICCN5.0.3/vic/vic_run/include -g -Wall -Wno-unused /an1/sky/brunke/VICCN5.0.3/vic/vic_run/src/compute_pot_evap.c
cc -c -I ./include -I /an1/sky/brunke/VICCN5.0.3/vic/drivers/shared/include -I /an1/sky/brunke/VICCN5.0.3/vic/vic_run/include -g -Wall -Wno-unused /an1/sky/brunke/VICCN5.0.3/vic/vic_run/src/compute_soil_resp.c
cc -c -I ./include -I /an1/sky/brunke/VICCN5.0.3/vic/drivers/shared/include -I /an1/sky/brunke/VICCN5.0.3/vic/vic_run/include -g -Wall -Wno-unused /an1/sky/brunke/VICCN5.0.3/vic/vic_run/src/compute_zwt.c
cc -c -I ./include -I /an1/sky/brunke/VICCN5.0.3/vic/drivers/shared/include -I /an1/sky/brunke/VICCN5.0.3/vic/vic_run/include -g -Wall -Wno-unused /an1/sky/brunke/VICCN5.0.3/vic/vic_run/src/correct_precip.c
cc -c -I ./include -I /an1/sky/brunke/VICCN5.0.3/vic/drivers/shared/include -I /an1/sky/brunke/VICCN5.0.3/vic/vic_run/include -g -Wall -Wno-unused /an1/sky/brunke/VICCN5.0.3/vic/vic_run/src/estimate_T1.c
cc -c -I ./include -I /an1/sky/brunke/VICCN5.0.3/vic/drivers/shared/include -I /an1/sky/brunke/VICCN5.0.3/vic/vic_run/include -g -Wall -Wno-unused /an1/sky/brunke/VICCN5.0.3/vic/vic_run/src/faparl.c
cc -c -I ./include -I /an1/sky/brunke/VICCN5.0.3/vic/drivers/shared/include -I /an1/sky/brunke/VICCN5.0.3/vic/vic_run/include -g -Wall -Wno-unused /an1/sky/brunke/VICCN5.0.3/vic/vic_run/src/frozen_soil.c
cc -c -I ./include -I /an1/sky/brunke/VICCN5.0.3/vic/drivers/shared/include -I /an1/sky/brunke/VICCN5.0.3/vic/vic_run/include -g -Wall -Wno-unused /an1/sky/brunke/VICCN5.0.3/vic/vic_run/src/func_atmos_energy_bal.c
cc -c -I ./include -I /an1/sky/brunke/VICCN5.0.3/vic/drivers/shared/include -I /an1/sky/brunke/VICCN5.0.3/vic/vic_run/include -g -Wall -Wno-unused /an1/sky/brunke/VICCN5.0.3/vic/vic_run/src/func_atmos_moist_bal.c
cc -c -I ./include -I /an1/sky/brunke/VICCN5.0.3/vic/drivers/shared/include -I /an1/sky/brunke/VICCN5.0.3/vic/vic_run/include -g -Wall -Wno-unused /an1/sky/brunke/VICCN5.0.3/vic/vic_run/src/func_canopy_energy_bal.c
cc -c -I ./include -I /an1/sky/brunke/VICCN5.0.3/vic/drivers/shared/include -I /an1/sky/brunke/VICCN5.0.3/vic/vic_run/include -g -Wall -Wno-unused /an1/sky/brunke/VICCN5.0.3/vic/vic_run/src/func_surf_energy_bal.c
cc -c -I ./include -I /an1/sky/brunke/VICCN5.0.3/vic/drivers/shared/include -I /an1/sky/brunke/VICCN5.0.3/vic/vic_run/include -g -Wall -Wno-unused /an1/sky/brunke/VICCN5.0.3/vic/vic_run/src/IceEnergyBalance.c
cc -c -I ./include -I /an1/sky/brunke/VICCN5.0.3/vic/drivers/shared/include -I /an1/sky/brunke/VICCN5.0.3/vic/vic_run/include -g -Wall -Wno-unused /an1/sky/brunke/VICCN5.0.3/vic/vic_run/src/ice_melt.c
cc -c -I ./include -I /an1/sky/brunke/VICCN5.0.3/vic/drivers/shared/include -I /an1/sky/brunke/VICCN5.0.3/vic/vic_run/include -g -Wall -Wno-unused /an1/sky/brunke/VICCN5.0.3/vic/vic_run/src/initialize_lake.c
cc -c -I ./include -I /an1/sky/brunke/VICCN5.0.3/vic/drivers/shared/include -I /an1/sky/brunke/VICCN5.0.3/vic/vic_run/include -g -Wall -Wno-unused /an1/sky/brunke/VICCN5.0.3/vic/vic_run/src/interpoloation.c
cc -c -I ./include -I /an1/sky/brunke/VICCN5.0.3/vic/drivers/shared/include -I /an1/sky/brunke/VICCN5.0.3/vic/vic_run/include -g -Wall -Wno-unused /an1/sky/brunke/VICCN5.0.3/vic/vic_run/src/lakes.eb.c
cc -c -I ./include -I /an1/sky/brunke/VICCN5.0.3/vic/drivers/shared/include -I /an1/sky/brunke/VICCN5.0.3/vic/vic_run/include -g -Wall -Wno-unused /an1/sky/brunke/VICCN5.0.3/vic/vic_run/src/latent_heat_from_snow.c
cc -c -I ./include -I /an1/sky/brunke/VICCN5.0.3/vic/drivers/shared/include -I /an1/sky/brunke/VICCN5.0.3/vic/vic_run/include -g -Wall -Wno-unused /an1/sky/brunke/VICCN5.0.3/vic/vic_run/src/massrelease.c
cc -c -I ./include -I /an1/sky/brunke/VICCN5.0.3/vic/drivers/shared/include -I /an1/sky/brunke/VICCN5.0.3/vic/vic_run/include -g -Wall -Wno-unused /an1/sky/brunke/VICCN5.0.3/vic/vic_run/src/newt_raph_func_fast.c
cc -c -I ./include -I /an1/sky/brunke/VICCN5.0.3/vic/drivers/shared/include -I /an1/sky/brunke/VICCN5.0.3/vic/vic_run/include -g -Wall -Wno-unused /an1/sky/brunke/VICCN5.0.3/vic/vic_run/src/penman.c
cc -c -I ./include -I /an1/sky/brunke/VICCN5.0.3/vic/drivers/shared/include -I /an1/sky/brunke/VICCN5.0.3/vic/vic_run/include -g -Wall -Wno-unused /an1/sky/brunke/VICCN5.0.3/vic/vic_run/src/photosynth.c
cc -c -I ./include -I /an1/sky/brunke/VICCN5.0.3/vic/drivers/shared/include -I /an1/sky/brunke/VICCN5.0.3/vic/vic_run/include -g -Wall -Wno-unused /an1/sky/brunke/VICCN5.0.3/vic/vic_run/src/physics.c
cc -c -I ./include -I /an1/sky/brunke/VICCN5.0.3/vic/drivers/shared/include -I /an1/sky/brunke/VICCN5.0.3/vic/vic_run/include -g -Wall -Wno-unused /an1/sky/brunke/VICCN5.0.3/vic/vic_run/src/prepare_full_energy.c
cc -c -I ./include -I /an1/sky/brunke/VICCN5.0.3/vic/drivers/shared/include -I /an1/sky/brunke/VICCN5.0.3/vic/vic_run/include -g -Wall -Wno-unused /an1/sky/brunke/VICCN5.0.3/vic/vic_run/src/put_data.c
cc -c -I ./include -I /an1/sky/brunke/VICCN5.0.3/vic/drivers/shared/include -I /an1/sky/brunke/VICCN5.0.3/vic/vic_run/include -g -Wall -Wno-unused /an1/sky/brunke/VICCN5.0.3/vic/vic_run/src/root_brent.c
cc -c -I ./include -I /an1/sky/brunke/VICCN5.0.3/vic/drivers/shared/include -I /an1/sky/brunke/VICCN5.0.3/vic/vic_run/include -g -Wall -Wno-unused /an1/sky/brunke/VICCN5.0.3/vic/vic_run/src/runoff.c
cc -c -I ./include -I /an1/sky/brunke/VICCN5.0.3/vic/drivers/shared/include -I /an1/sky/brunke/VICCN5.0.3/vic/vic_run/include -g -Wall -Wno-unused /an1/sky/brunke/VICCN5.0.3/vic/vic_run/src/snow_intercept.c
cc -c -I ./include -I /an1/sky/brunke/VICCN5.0.3/vic/drivers/shared/include -I /an1/sky/brunke/VICCN5.0.3/vic/vic_run/include -g -Wall -Wno-unused /an1/sky/brunke/VICCN5.0.3/vic/vic_run/src/snow_melt.c
cc -c -I ./include -I /an1/sky/brunke/VICCN5.0.3/vic/drivers/shared/include -I /an1/sky/brunke/VICCN5.0.3/vic/vic_run/include -g -Wall -Wno-unused /an1/sky/brunke/VICCN5.0.3/vic/vic_run/src/SnowPackEnergyBalance.c
cc -c -I ./include -I /an1/sky/brunke/VICCN5.0.3/vic/drivers/shared/include -I /an1/sky/brunke/VICCN5.0.3/vic/vic_run/include -g -Wall -Wno-unused /an1/sky/brunke/VICCN5.0.3/vic/vic_run/src/snow_utility.c
cc -c -I ./include -I /an1/sky/brunke/VICCN5.0.3/vic/drivers/shared/include -I /an1/sky/brunke/VICCN5.0.3/vic/vic_run/include -g -Wall -Wno-unused /an1/sky/brunke/VICCN5.0.3/vic/vic_run/src/soil_carbon_balance.c
cc -c -I ./include -I /an1/sky/brunke/VICCN5.0.3/vic/drivers/shared/include -I /an1/sky/brunke/VICCN5.0.3/vic/vic_run/include -g -Wall -Wno-unused /an1/sky/brunke/VICCN5.0.3/vic/vic_run/src/soil_conduction.c
cc -c -I ./include -I /an1/sky/brunke/VICCN5.0.3/vic/drivers/shared/include -I /an1/sky/brunke/VICCN5.0.3/vic/vic_run/include -g -Wall -Wno-unused /an1/sky/brunke/VICCN5.0.3/vic/drivers/shared/src/soil_moisture_from_water_table.c
cc -c -I ./include -I /an1/sky/brunke/VICCN5.0.3/vic/drivers/shared/include -I /an1/sky/brunke/VICCN5.0.3/vic/vic_run/include -g -Wall -Wno-unused /an1/sky/brunke/VICCN5.0.3/vic/vic_run/src/soil_thermal_eqn.c
cc -c -I ./include -I /an1/sky/brunke/VICCN5.0.3/vic/drivers/shared/include -I /an1/sky/brunke/VICCN5.0.3/vic/vic_run/include -g -Wall -Wno-unused /an1/sky/brunke/VICCN5.0.3/vic/vic_run/src/solve_snow.c
cc -c -I ./include -I /an1/sky/brunke/VICCN5.0.3/vic/drivers/shared/include -I /an1/sky/brunke/VICCN5.0.3/vic/vic_run/include -g -Wall -Wno-unused /an1/sky/brunke/VICCN5.0.3/vic/vic_run/src/StabilityCorrection.c
cc -c -I ./include -I /an1/sky/brunke/VICCN5.0.3/vic/drivers/shared/include -I /an1/sky/brunke/VICCN5.0.3/vic/vic_run/include -g -Wall -Wno-unused /an1/sky/brunke/VICCN5.0.3/vic/vic_run/src/surface_fluxes.c
cc -c -I ./include -I /an1/sky/brunke/VICCN5.0.3/vic/drivers/shared/include -I /an1/sky/brunke/VICCN5.0.3/vic/vic_run/include -g -Wall -Wno-unused /an1/sky/brunke/VICCN5.0.3/vic/vic_run/src/svp.c
cc -c -I ./include -I /an1/sky/brunke/VICCN5.0.3/vic/drivers/shared/include -I /an1/sky/brunke/VICCN5.0.3/vic/vic_run/include -g -Wall -Wno-unused /an1/sky/brunke/VICCN5.0.3/vic/drivers/shared/src/vic_log.c
cc -c -I ./include -I /an1/sky/brunke/VICCN5.0.3/vic/drivers/shared/include -I /an1/sky/brunke/VICCN5.0.3/vic/vic_run/include -g -Wall -Wno-unused /an1/sky/brunke/VICCN5.0.3/vic/vic_run/src/vic_run.c
cc -c -I ./include -I /an1/sky/brunke/VICCN5.0.3/vic/drivers/shared/include -I /an1/sky/brunke/VICCN5.0.3/vic/vic_run/include -g -Wall -Wno-unused /an1/sky/brunke/VICCN5.0.3/vic/drivers/shared/src/vic_time.c
cc -c -I ./include -I /an1/sky/brunke/VICCN5.0.3/vic/drivers/shared/include -I /an1/sky/brunke/VICCN5.0.3/vic/vic_run/include -g -Wall -Wno-unused /an1/sky/brunke/VICCN5.0.3/vic/vic_run/src/water_energy_balance.c
cc -c -I ./include -I /an1/sky/brunke/VICCN5.0.3/vic/drivers/shared/include -I /an1/sky/brunke/VICCN5.0.3/vic/vic_run/include -g -Wall -Wno-unused /an1/sky/brunke/VICCN5.0.3/vic/vic_run/src/water_under_ice.c
cc -c -I ./include -I /an1/sky/brunke/VICCN5.0.3/vic/drivers/shared/include -I /an1/sky/brunke/VICCN5.0.3/vic/vic_run/include -g -Wall -Wno-unused /an1/sky/brunke/VICCN5.0.3/vic/vic_run/src/write_layer.c
cc -c -I ./include -I /an1/sky/brunke/VICCN5.0.3/vic/drivers/shared/include -I /an1/sky/brunke/VICCN5.0.3/vic/vic_run/include -g -Wall -Wno-unused /an1/sky/brunke/VICCN5.0.3/vic/vic_run/src/write_vegvar.c
cc -c -I ./include -I /an1/sky/brunke/VICCN5.0.3/vic/drivers/shared/include -I /an1/sky/brunke/VICCN5.0.3/vic/vic_run/include -g -Wall -Wno-unused /an1/sky/brunke/VICCN5.0.3/vic/vic_run/src/zero_output_list.c
cc -c -I ./include -I /an1/sky/brunke/VICCN5.0.3/vic/drivers/shared/include -I /an1/sky/brunke/VICCN5.0.3/vic/vic_run/include -g -Wall -Wno-unused /an1/sky/brunke/VICCN5.0.3/vic/extensions/synveg_cn/src/get_CNatmos.c
cc -c -I ./include -I /an1/sky/brunke/VICCN5.0.3/vic/drivers/shared/include -I /an1/sky/brunke/VICCN5.0.3/vic/vic_run/include -g -Wall -Wno-unused /an1/sky/brunke/VICCN5.0.3/vic/extensions/synveg_cn/src/get_CNsoil.c
cc -c -I ./include -I /an1/sky/brunke/VICCN5.0.3/vic/drivers/shared/include -I /an1/sky/brunke/VICCN5.0.3/vic/vic_run/include -g -Wall -Wno-unused /an1/sky/brunke/VICCN5.0.3/vic/extensions/synveg_cn/src/get_CNsoilhydro.c
cc -c -I ./include -I /an1/sky/brunke/VICCN5.0.3/vic/drivers/shared/include -I /an1/sky/brunke/VICCN5.0.3/vic/vic_run/include -g -Wall -Wno-unused /an1/sky/brunke/VICCN5.0.3/vic/extensions/synveg_cn/src/get_CNsoiltherm.c
cc -c -I ./include -I /an1/sky/brunke/VICCN5.0.3/vic/drivers/shared/include -I /an1/sky/brunke/VICCN5.0.3/vic/vic_run/include -g -Wall -Wno-unused /an1/sky/brunke/VICCN5.0.3/vic/extensions/synveg_cn/src/get_CNveg.c
cc -c -I ./include -I /an1/sky/brunke/VICCN5.0.3/vic/drivers/shared/include -I /an1/sky/brunke/VICCN5.0.3/vic/vic_run/include -g -Wall -Wno-unused /an1/sky/brunke/VICCN5.0.3/vic/extensions/synveg_cn/src/pft2cov.c
ifort -c -fp-model precise -convert big_endian -assume byterecl -ftz /an1/sky/brunke/VICCN5.0.3/vic/extensions/synveg_cn/src/shr_kind_mod.F90
ifort -c -fp-model precise -convert big_endian -assume byterecl -ftz /an1/sky/brunke/VICCN5.0.3/vic/extensions/synveg_cn/src/shr_const_mod.F90
ifort -c -fp-model precise -convert big_endian -assume byterecl -ftz /an1/sky/brunke/VICCN5.0.3/vic/extensions/synveg_cn/src/shr_orb_mod.F90
ifort -c -fp-model precise -convert big_endian -assume byterecl -ftz /an1/sky/brunke/VICCN5.0.3/vic/extensions/synveg_cn/src/clm_varpar.F90
ifort -c -fp-model precise -convert big_endian -assume byterecl -ftz /an1/sky/brunke/VICCN5.0.3/vic/extensions/synveg_cn/src/clm_varcon.F90
ifort -c -fp-model precise -convert big_endian -assume byterecl -ftz /an1/sky/brunke/VICCN5.0.3/vic/extensions/synveg_cn/src/nanMod.F90
ifort -c -fp-model precise -convert big_endian -assume byterecl -ftz /an1/sky/brunke/VICCN5.0.3/vic/extensions/synveg_cn/src/clmtype.F90
ifort -c -fp-model precise -convert big_endian -assume byterecl -ftz /an1/sky/brunke/VICCN5.0.3/vic/extensions/synveg_cn/src/clm_time_manager.F90
ifort -c -fp-model precise -convert big_endian -assume byterecl -ftz /an1/sky/brunke/VICCN5.0.3/vic/extensions/synveg_cn/src/pftvarcon.F90
ifort -c -fp-model precise -convert big_endian -assume byterecl -ftz /an1/sky/brunke/VICCN5.0.3/vic/extensions/synveg_cn/src/ndepStreamMod.F90
ifort -c -fp-model precise -convert big_endian -assume byterecl -ftz /an1/sky/brunke/VICCN5.0.3/vic/extensions/synveg_cn/src/SurfaceAlbedoMod.F90
ifort -c -fp-model precise -convert big_endian -assume byterecl -ftz /an1/sky/brunke/VICCN5.0.3/vic/extensions/synveg_cn/src/SurfaceRadiationMod.F90
ifort -c -fp-model precise -convert big_endian -assume byterecl -ftz /an1/sky/brunke/VICCN5.0.3/vic/extensions/synveg_cn/src/QSatMod.F90
ifort -c -fp-model precise -convert big_endian -assume byterecl -ftz /an1/sky/brunke/VICCN5.0.3/vic/extensions/synveg_cn/src/CanopyFluxesMod.F90
ifort -c -fp-model precise -convert big_endian -assume byterecl -ftz /an1/sky/brunke/VICCN5.0.3/vic/extensions/synveg_cn/src/subgridAveMod.F90
ifort -c -fp-model precise -convert big_endian -assume byterecl -ftz /an1/sky/brunke/VICCN5.0.3/vic/extensions/synveg_cn/src/CNAllocationMod.F90
ifort -c -fp-model precise -convert big_endian -assume byterecl -ftz /an1/sky/brunke/VICCN5.0.3/vic/extensions/synveg_cn/src/CNAnnualUpdateMod.F90
ifort -c -fp-model precise -convert big_endian -assume byterecl -ftz /an1/sky/brunke/VICCN5.0.3/vic/extensions/synveg_cn/src/CNBalanceCheckMod.F90
ifort -c -fp-model precise -convert big_endian -assume byterecl -ftz /an1/sky/brunke/VICCN5.0.3/vic/extensions/synveg_cn/src/CNCStateUpdate1Mod.F90
ifort -c -fp-model precise -convert big_endian -assume byterecl -ftz /an1/sky/brunke/VICCN5.0.3/vic/extensions/synveg_cn/src/CNCStateUpdate2Mod.F90
ifort -c -fp-model precise -convert big_endian -assume byterecl -ftz /an1/sky/brunke/VICCN5.0.3/vic/extensions/synveg_cn/src/CNCStateUpdate3Mod.F90
ifort -c -fp-model precise -convert big_endian -assume byterecl -ftz /an1/sky/brunke/VICCN5.0.3/vic/extensions/synveg_cn/src/CNDecompMod.F90
ifort -c -fp-model precise -convert big_endian -assume byterecl -ftz /an1/sky/brunke/VICCN5.0.3/vic/extensions/synveg_cn/src/CNFireMod.F90
ifort -c -fp-model precise -convert big_endian -assume byterecl -ftz /an1/sky/brunke/VICCN5.0.3/vic/extensions/synveg_cn/src/CNGRespMod.F90
ifort -c -fp-model precise -convert big_endian -assume byterecl -ftz /an1/sky/brunke/VICCN5.0.3/vic/extensions/synveg_cn/src/CNGapMortalityMod.F90
ifort -c -fp-model precise -convert big_endian -assume byterecl -ftz /an1/sky/brunke/VICCN5.0.3/vic/extensions/synveg_cn/src/CNMRespMod.F90
ifort -c -fp-model precise -convert big_endian -assume byterecl -ftz /an1/sky/brunke/VICCN5.0.3/vic/extensions/synveg_cn/src/CNNDynamicsMod.F90
ifort -c -fp-model precise -convert big_endian -assume byterecl -ftz /an1/sky/brunke/VICCN5.0.3/vic/extensions/synveg_cn/src/CNNStateUpdate1Mod.F90
ifort -c -fp-model precise -convert big_endian -assume byterecl -ftz /an1/sky/brunke/VICCN5.0.3/vic/extensions/synveg_cn/src/CNNStateUpdate2Mod.F90
ifort -c -fp-model precise -convert big_endian -assume byterecl -ftz /an1/sky/brunke/VICCN5.0.3/vic/extensions/synveg_cn/src/CNNStateUpdate3Mod.F90
ifort -c -fp-model precise -convert big_endian -assume byterecl -ftz /an1/sky/brunke/VICCN5.0.3/vic/extensions/synveg_cn/src/CNPhenologyMod.F90
ifort -c -fp-model precise -convert big_endian -assume byterecl -ftz /an1/sky/brunke/VICCN5.0.3/vic/extensions/synveg_cn/src/CNPrecisionControlMod.F90
ifort -c -fp-model precise -convert big_endian -assume byterecl -ftz /an1/sky/brunke/VICCN5.0.3/vic/extensions/synveg_cn/src/CNVegStructUpdateMod.F90
ifort -c -fp-model precise -convert big_endian -assume byterecl -ftz /an1/sky/brunke/VICCN5.0.3/vic/extensions/synveg_cn/src/CNSetValueMod.F90
ifort -c -fp-model precise -convert big_endian -assume byterecl -ftz /an1/sky/brunke/VICCN5.0.3/vic/extensions/synveg_cn/src/CNSummaryMod.F90
ifort -c -fp-model precise -convert big_endian -assume byterecl -ftz /an1/sky/brunke/VICCN5.0.3/vic/extensions/synveg_cn/src/CNWoodProductsMod.F90
ifort -c -fp-model precise -convert big_endian -assume byterecl -ftz /an1/sky/brunke/VICCN5.0.3/vic/extensions/synveg_cn/src/CNiniSpecial.F90
ifort -c -fp-model precise -convert big_endian -assume byterecl -ftz /an1/sky/brunke/VICCN5.0.3/vic/extensions/synveg_cn/src/clmtypeInitMod.F90
ifort -c -fp-model precise -convert big_endian -assume byterecl -ftz /an1/sky/brunke/VICCN5.0.3/vic/extensions/synveg_cn/src/iniTimeConst.F90
ifort -c -fp-model precise -convert big_endian -assume byterecl -ftz /an1/sky/brunke/VICCN5.0.3/vic/extensions/synveg_cn/src/CNEcosystemDynMod.F90
ifort -c -fp-model precise -convert big_endian -assume byterecl -ftz /an1/sky/brunke/VICCN5.0.3/vic/extensions/synveg_cn/src/CNiniTimeVar.F90
ifort -c -fp-model precise -convert big_endian -assume byterecl -ftz /an1/sky/brunke/VICCN5.0.3/vic/extensions/synveg_cn/src/clm_initializeMod.F90
ifort -c -fp-model precise -convert big_endian -assume byterecl -ftz /an1/sky/brunke/VICCN5.0.3/vic/extensions/synveg_cn/src/vic2clmtypeMod.F90
cc -c -I ./include -I /an1/sky/brunke/VICCN5.0.3/vic/drivers/shared/include -I /an1/sky/brunke/VICCN5.0.3/vic/vic_run/include -g -Wall -Wno-unused /an1/sky/brunke/VICCN5.0.3/vic/extensions/synveg_cn/src/VICCNInterface.c
ifort -o vic_classic.exe -nofor_main alloc_atmos.o alloc_cn.o alloc_veg_hist.o calc_air_temperature.o calc_longwave.o calc_root_fraction.o check_files.o check_state_file.o close_files.o cmd_proc.o compress_files.o compute_treeline.o display_current_settings.o free_all_vars.o free_vegcon.o get_dist.o get_force_type.o get_global_param.o get_parameters.o initialize_atmos.o initialize_files.o initialize_forcing_files.o initialize_global.o initialize_model_state.o initialize_options.o initialize_parameters.o initialize_snow.o initialize_soil.o initialize_veg.o make_all_vars.o make_cell_data.o make_dmy.o make_energy_bal.o make_in_and_outfiles.o make_snow_data.o make_veg_var.o mtclim_vic.o mtclim_wrapper.o open_file.o open_state_file.o output_list_utils.o parse_output_info.o print_library_classic.o print_library_shared.o read_atmos_data.o read_forcing_data.o read_initial_model_state.o read_lakeparam.o read_snowband.o read_soilparam.o read_veglib.o read_vegparam.o set_output_defaults.o vic_classic.o write_data.o write_forcing_file.o write_header.o write_model_state.o write_output.o advected_sensible_heat.o arno_evap.o CalcAerodynamic.o calc_atmos_energy_bal.o CalcBlowingSnow.o calc_Nscale_factors.o calc_rainonly.o calc_snow_coverage.o calc_surf_energy_bal.o calc_veg_params.o calc_water_energy_balance_errors.o canopy_assimilation.o canopy_evap.o compute_coszen.o compute_pot_evap.o compute_soil_resp.o compute_zwt.o correct_precip.o estimate_T1.o faparl.o frozen_soil.o func_atmos_energy_bal.o func_atmos_moist_bal.o func_canopy_energy_bal.o func_surf_energy_bal.o IceEnergyBalance.o ice_melt.o initialize_lake.o interpoloation.o lakes.eb.o latent_heat_from_snow.o massrelease.o newt_raph_func_fast.o penman.o photosynth.o physics.o prepare_full_energy.o put_data.o root_brent.o runoff.o snow_intercept.o snow_melt.o SnowPackEnergyBalance.o snow_utility.o soil_carbon_balance.o soil_conduction.o soil_moisture_from_water_table.o soil_thermal_eqn.o solve_snow.o StabilityCorrection.o surface_fluxes.o svp.o vic_log.o vic_run.o vic_time.o water_energy_balance.o water_under_ice.o write_layer.o write_vegvar.o zero_output_list.o get_CNatmos.o get_CNsoil.o get_CNsoilhydro.o get_CNsoiltherm.o get_CNveg.o pft2cov.o shr_kind_mod.o shr_const_mod.o shr_orb_mod.o clm_varpar.o clm_varcon.o nanMod.o clmtype.o clm_time_manager.o pftvarcon.o ndepStreamMod.o SurfaceAlbedoMod.o SurfaceRadiationMod.o QSatMod.o CanopyFluxesMod.o subgridAveMod.o CNAllocationMod.o CNAnnualUpdateMod.o CNBalanceCheckMod.o CNCStateUpdate1Mod.o CNCStateUpdate2Mod.o CNCStateUpdate3Mod.o CNDecompMod.o CNFireMod.o CNGRespMod.o CNGapMortalityMod.o CNMRespMod.o CNNDynamicsMod.o CNNStateUpdate1Mod.o CNNStateUpdate2Mod.o CNNStateUpdate3Mod.o CNPhenologyMod.o CNPrecisionControlMod.o CNVegStructUpdateMod.o CNSetValueMod.o CNSummaryMod.o CNWoodProductsMod.o CNiniSpecial.o clmtypeInitMod.o iniTimeConst.o CNEcosystemDynMod.o CNiniTimeVar.o clm_initializeMod.o vic2clmtypeMod.o VICCNInterface.o
